<?xml version="1.0" encoding="UTF-8"?>
<!-- Generated by org.testng.reporters.JUnitReportReporter -->
<testsuite hostname="WN7-6Y1FVS1" name="com.testgit" tests="1" failures="0" timestamp="14 Jul 2014 11:54:02 GMT" time="25.017" errors="0">
  <testcase name="test123" time="25.017" classname="com.testgit"/>
</testsuite> <!-- com.testgit -->
